ERROR [AWT-EventQueue-0] 2023-12-12T19:44:31,522 RSApplication - Error while initializing simulation
repast.simphony.parameter.IllegalParameterException: Parameter 'population_count' not found in the schema.
	at repast.simphony.parameter.DefaultParameters.getValue(DefaultParameters.java:211) ~[?:?]
	at repast.simphony.parameter.DefaultParameters.getInteger(DefaultParameters.java:240) ~[?:?]
	at sI_SIR.SIR_Builder.build(SIR_Builder.java:39) ~[?:?]
	at repast.simphony.dataLoader.engine.ClassNameContextBuilder.build(ClassNameContextBuilder.java:41) ~[?:?]
	at repast.simphony.dataLoader.engine.DataLoaderControllerAction.runInitialize(DataLoaderControllerAction.java:48) ~[?:?]
	at repast.simphony.engine.controller.DefaultController$2.visit(DefaultController.java:214) ~[?:?]
	at repast.simphony.engine.controller.DefaultController$2.visit(DefaultController.java:1) ~[?:?]
	at repast.simphony.util.collections.NaryTree.preOrderTraverals(NaryTree.java:292) ~[?:?]
	at repast.simphony.util.collections.NaryTree.preOrderTraverals(NaryTree.java:295) ~[?:?]
	at repast.simphony.util.collections.NaryTree.preOrderTraverals(NaryTree.java:295) ~[?:?]
	at repast.simphony.util.collections.NaryTree.preOrderTraversal(NaryTree.java:288) ~[?:?]
	at repast.simphony.engine.controller.DefaultController.runInitialize(DefaultController.java:212) ~[?:?]
	at repast.simphony.engine.controller.DefaultController.runInitialize(DefaultController.java:383) ~[?:?]
	at repast.simphony.ui.RSApplication.initSim(RSApplication.java:171) ~[?:?]
	at repast.simphony.ui.RSApplication.start(RSApplication.java:203) ~[?:?]
	at repast.simphony.ui.action.StartRun.actionPerformed(StartRun.java:17) ~[?:?]
	at javax.swing.AbstractButton.fireActionPerformed(AbstractButton.java:1972) ~[?:?]
	at javax.swing.AbstractButton$Handler.actionPerformed(AbstractButton.java:2313) ~[?:?]
	at javax.swing.DefaultButtonModel.fireActionPerformed(DefaultButtonModel.java:405) ~[?:?]
	at javax.swing.DefaultButtonModel.setPressed(DefaultButtonModel.java:262) ~[?:?]
	at javax.swing.plaf.basic.BasicButtonListener.mouseReleased(BasicButtonListener.java:279) ~[?:?]
	at java.awt.AWTEventMulticaster.mouseReleased(AWTEventMulticaster.java:297) ~[?:?]
	at java.awt.Component.processMouseEvent(Component.java:6626) ~[?:?]
	at javax.swing.JComponent.processMouseEvent(JComponent.java:3389) ~[?:?]
	at java.awt.Component.processEvent(Component.java:6391) ~[?:?]
	at java.awt.Container.processEvent(Container.java:2266) ~[?:?]
	at java.awt.Component.dispatchEventImpl(Component.java:5001) ~[?:?]
	at java.awt.Container.dispatchEventImpl(Container.java:2324) ~[?:?]
	at java.awt.Component.dispatchEvent(Component.java:4833) ~[?:?]
	at java.awt.LightweightDispatcher.retargetMouseEvent(Container.java:4948) ~[?:?]
	at java.awt.LightweightDispatcher.processMouseEvent(Container.java:4575) ~[?:?]
	at java.awt.LightweightDispatcher.dispatchEvent(Container.java:4516) ~[?:?]
	at java.awt.Container.dispatchEventImpl(Container.java:2310) ~[?:?]
	at java.awt.Window.dispatchEventImpl(Window.java:2780) ~[?:?]
	at java.awt.Component.dispatchEvent(Component.java:4833) ~[?:?]
	at java.awt.EventQueue.dispatchEventImpl(EventQueue.java:773) ~[?:?]
	at java.awt.EventQueue$4.run(EventQueue.java:722) ~[?:?]
	at java.awt.EventQueue$4.run(EventQueue.java:716) ~[?:?]
	at java.security.AccessController.doPrivileged(AccessController.java:399) ~[?:?]
	at java.security.ProtectionDomain$JavaSecurityAccessImpl.doIntersectionPrivilege(ProtectionDomain.java:86) ~[?:?]
	at java.security.ProtectionDomain$JavaSecurityAccessImpl.doIntersectionPrivilege(ProtectionDomain.java:97) ~[?:?]
	at java.awt.EventQueue$5.run(EventQueue.java:746) ~[?:?]
	at java.awt.EventQueue$5.run(EventQueue.java:744) ~[?:?]
	at java.security.AccessController.doPrivileged(AccessController.java:399) ~[?:?]
	at java.security.ProtectionDomain$JavaSecurityAccessImpl.doIntersectionPrivilege(ProtectionDomain.java:86) ~[?:?]
	at java.awt.EventQueue.dispatchEvent(EventQueue.java:743) ~[?:?]
	at java.awt.EventDispatchThread.pumpOneEventForFilters(EventDispatchThread.java:203) ~[?:?]
	at java.awt.EventDispatchThread.pumpEventsForFilter(EventDispatchThread.java:124) ~[?:?]
	at java.awt.EventDispatchThread.pumpEventsForHierarchy(EventDispatchThread.java:113) ~[?:?]
	at java.awt.EventDispatchThread.pumpEvents(EventDispatchThread.java:109) ~[?:?]
	at java.awt.EventDispatchThread.pumpEvents(EventDispatchThread.java:101) ~[?:?]
	at java.awt.EventDispatchThread.run(EventDispatchThread.java:90) ~[?:?]
ERROR [AWT-EventQueue-0] 2023-12-12T19:46:16,978 RSApplication - Error while initializing simulation
repast.simphony.parameter.IllegalParameterException: Parameter 'infected_count' not found in the schema.
	at repast.simphony.parameter.DefaultParameters.getValue(DefaultParameters.java:211) ~[?:?]
	at repast.simphony.parameter.DefaultParameters.getInteger(DefaultParameters.java:240) ~[?:?]
	at sI_SIR.SIR_Builder.build(SIR_Builder.java:42) ~[?:?]
	at repast.simphony.dataLoader.engine.ClassNameContextBuilder.build(ClassNameContextBuilder.java:41) ~[?:?]
	at repast.simphony.dataLoader.engine.DataLoaderControllerAction.runInitialize(DataLoaderControllerAction.java:48) ~[?:?]
	at repast.simphony.engine.controller.DefaultController$2.visit(DefaultController.java:214) ~[?:?]
	at repast.simphony.engine.controller.DefaultController$2.visit(DefaultController.java:1) ~[?:?]
	at repast.simphony.util.collections.NaryTree.preOrderTraverals(NaryTree.java:292) ~[?:?]
	at repast.simphony.util.collections.NaryTree.preOrderTraverals(NaryTree.java:295) ~[?:?]
	at repast.simphony.util.collections.NaryTree.preOrderTraverals(NaryTree.java:295) ~[?:?]
	at repast.simphony.util.collections.NaryTree.preOrderTraversal(NaryTree.java:288) ~[?:?]
	at repast.simphony.engine.controller.DefaultController.runInitialize(DefaultController.java:212) ~[?:?]
	at repast.simphony.engine.controller.DefaultController.runInitialize(DefaultController.java:383) ~[?:?]
	at repast.simphony.ui.RSApplication.initSim(RSApplication.java:171) ~[?:?]
	at repast.simphony.ui.RSApplication.start(RSApplication.java:203) ~[?:?]
	at repast.simphony.ui.action.StartRun.actionPerformed(StartRun.java:17) ~[?:?]
	at javax.swing.AbstractButton.fireActionPerformed(AbstractButton.java:1972) ~[?:?]
	at javax.swing.AbstractButton$Handler.actionPerformed(AbstractButton.java:2313) ~[?:?]
	at javax.swing.DefaultButtonModel.fireActionPerformed(DefaultButtonModel.java:405) ~[?:?]
	at javax.swing.DefaultButtonModel.setPressed(DefaultButtonModel.java:262) ~[?:?]
	at javax.swing.plaf.basic.BasicButtonListener.mouseReleased(BasicButtonListener.java:279) ~[?:?]
	at java.awt.AWTEventMulticaster.mouseReleased(AWTEventMulticaster.java:297) ~[?:?]
	at java.awt.Component.processMouseEvent(Component.java:6626) ~[?:?]
	at javax.swing.JComponent.processMouseEvent(JComponent.java:3389) ~[?:?]
	at java.awt.Component.processEvent(Component.java:6391) ~[?:?]
	at java.awt.Container.processEvent(Container.java:2266) ~[?:?]
	at java.awt.Component.dispatchEventImpl(Component.java:5001) ~[?:?]
	at java.awt.Container.dispatchEventImpl(Container.java:2324) ~[?:?]
	at java.awt.Component.dispatchEvent(Component.java:4833) ~[?:?]
	at java.awt.LightweightDispatcher.retargetMouseEvent(Container.java:4948) ~[?:?]
	at java.awt.LightweightDispatcher.processMouseEvent(Container.java:4575) ~[?:?]
	at java.awt.LightweightDispatcher.dispatchEvent(Container.java:4516) ~[?:?]
	at java.awt.Container.dispatchEventImpl(Container.java:2310) ~[?:?]
	at java.awt.Window.dispatchEventImpl(Window.java:2780) ~[?:?]
	at java.awt.Component.dispatchEvent(Component.java:4833) ~[?:?]
	at java.awt.EventQueue.dispatchEventImpl(EventQueue.java:773) ~[?:?]
	at java.awt.EventQueue$4.run(EventQueue.java:722) ~[?:?]
	at java.awt.EventQueue$4.run(EventQueue.java:716) ~[?:?]
	at java.security.AccessController.doPrivileged(AccessController.java:399) ~[?:?]
	at java.security.ProtectionDomain$JavaSecurityAccessImpl.doIntersectionPrivilege(ProtectionDomain.java:86) ~[?:?]
	at java.security.ProtectionDomain$JavaSecurityAccessImpl.doIntersectionPrivilege(ProtectionDomain.java:97) ~[?:?]
	at java.awt.EventQueue$5.run(EventQueue.java:746) ~[?:?]
	at java.awt.EventQueue$5.run(EventQueue.java:744) ~[?:?]
	at java.security.AccessController.doPrivileged(AccessController.java:399) ~[?:?]
	at java.security.ProtectionDomain$JavaSecurityAccessImpl.doIntersectionPrivilege(ProtectionDomain.java:86) ~[?:?]
	at java.awt.EventQueue.dispatchEvent(EventQueue.java:743) ~[?:?]
	at java.awt.EventDispatchThread.pumpOneEventForFilters(EventDispatchThread.java:203) ~[?:?]
	at java.awt.EventDispatchThread.pumpEventsForFilter(EventDispatchThread.java:124) ~[?:?]
	at java.awt.EventDispatchThread.pumpEventsForHierarchy(EventDispatchThread.java:113) ~[?:?]
	at java.awt.EventDispatchThread.pumpEvents(EventDispatchThread.java:109) ~[?:?]
	at java.awt.EventDispatchThread.pumpEvents(EventDispatchThread.java:101) ~[?:?]
	at java.awt.EventDispatchThread.run(EventDispatchThread.java:90) ~[?:?]
ERROR [AWT-EventQueue-0] 2023-12-12T22:58:00,404 RSApplication - Error while initializing simulation
repast.simphony.parameter.IllegalParameterException: Parameter 'infection_rate' not of integer type.
	at repast.simphony.parameter.DefaultParameters.getInteger(DefaultParameters.java:245) ~[?:?]
	at sI_SIR.SIR_Builder.build(SIR_Builder.java:41) ~[?:?]
	at repast.simphony.dataLoader.engine.ClassNameContextBuilder.build(ClassNameContextBuilder.java:41) ~[?:?]
	at repast.simphony.dataLoader.engine.DataLoaderControllerAction.runInitialize(DataLoaderControllerAction.java:48) ~[?:?]
	at repast.simphony.engine.controller.DefaultController$2.visit(DefaultController.java:214) ~[?:?]
	at repast.simphony.engine.controller.DefaultController$2.visit(DefaultController.java:1) ~[?:?]
	at repast.simphony.util.collections.NaryTree.preOrderTraverals(NaryTree.java:292) ~[?:?]
	at repast.simphony.util.collections.NaryTree.preOrderTraverals(NaryTree.java:295) ~[?:?]
	at repast.simphony.util.collections.NaryTree.preOrderTraverals(NaryTree.java:295) ~[?:?]
	at repast.simphony.util.collections.NaryTree.preOrderTraversal(NaryTree.java:288) ~[?:?]
	at repast.simphony.engine.controller.DefaultController.runInitialize(DefaultController.java:212) ~[?:?]
	at repast.simphony.engine.controller.DefaultController.runInitialize(DefaultController.java:383) ~[?:?]
	at repast.simphony.ui.RSApplication.initSim(RSApplication.java:171) ~[?:?]
	at repast.simphony.ui.RSApplication.start(RSApplication.java:203) ~[?:?]
	at repast.simphony.ui.action.StartRun.actionPerformed(StartRun.java:17) ~[?:?]
	at javax.swing.AbstractButton.fireActionPerformed(AbstractButton.java:1972) ~[?:?]
	at javax.swing.AbstractButton$Handler.actionPerformed(AbstractButton.java:2313) ~[?:?]
	at javax.swing.DefaultButtonModel.fireActionPerformed(DefaultButtonModel.java:405) ~[?:?]
	at javax.swing.DefaultButtonModel.setPressed(DefaultButtonModel.java:262) ~[?:?]
	at javax.swing.plaf.basic.BasicButtonListener.mouseReleased(BasicButtonListener.java:279) ~[?:?]
	at java.awt.AWTEventMulticaster.mouseReleased(AWTEventMulticaster.java:297) ~[?:?]
	at java.awt.Component.processMouseEvent(Component.java:6626) ~[?:?]
	at javax.swing.JComponent.processMouseEvent(JComponent.java:3389) ~[?:?]
	at java.awt.Component.processEvent(Component.java:6391) ~[?:?]
	at java.awt.Container.processEvent(Container.java:2266) ~[?:?]
	at java.awt.Component.dispatchEventImpl(Component.java:5001) ~[?:?]
	at java.awt.Container.dispatchEventImpl(Container.java:2324) ~[?:?]
	at java.awt.Component.dispatchEvent(Component.java:4833) ~[?:?]
	at java.awt.LightweightDispatcher.retargetMouseEvent(Container.java:4948) ~[?:?]
	at java.awt.LightweightDispatcher.processMouseEvent(Container.java:4575) ~[?:?]
	at java.awt.LightweightDispatcher.dispatchEvent(Container.java:4516) ~[?:?]
	at java.awt.Container.dispatchEventImpl(Container.java:2310) ~[?:?]
	at java.awt.Window.dispatchEventImpl(Window.java:2780) ~[?:?]
	at java.awt.Component.dispatchEvent(Component.java:4833) ~[?:?]
	at java.awt.EventQueue.dispatchEventImpl(EventQueue.java:773) ~[?:?]
	at java.awt.EventQueue$4.run(EventQueue.java:722) ~[?:?]
	at java.awt.EventQueue$4.run(EventQueue.java:716) ~[?:?]
	at java.security.AccessController.doPrivileged(AccessController.java:399) ~[?:?]
	at java.security.ProtectionDomain$JavaSecurityAccessImpl.doIntersectionPrivilege(ProtectionDomain.java:86) ~[?:?]
	at java.security.ProtectionDomain$JavaSecurityAccessImpl.doIntersectionPrivilege(ProtectionDomain.java:97) ~[?:?]
	at java.awt.EventQueue$5.run(EventQueue.java:746) ~[?:?]
	at java.awt.EventQueue$5.run(EventQueue.java:744) ~[?:?]
	at java.security.AccessController.doPrivileged(AccessController.java:399) ~[?:?]
	at java.security.ProtectionDomain$JavaSecurityAccessImpl.doIntersectionPrivilege(ProtectionDomain.java:86) ~[?:?]
	at java.awt.EventQueue.dispatchEvent(EventQueue.java:743) ~[?:?]
	at java.awt.EventDispatchThread.pumpOneEventForFilters(EventDispatchThread.java:203) ~[?:?]
	at java.awt.EventDispatchThread.pumpEventsForFilter(EventDispatchThread.java:124) ~[?:?]
	at java.awt.EventDispatchThread.pumpEventsForHierarchy(EventDispatchThread.java:113) ~[?:?]
	at java.awt.EventDispatchThread.pumpEvents(EventDispatchThread.java:109) ~[?:?]
	at java.awt.EventDispatchThread.pumpEvents(EventDispatchThread.java:101) ~[?:?]
	at java.awt.EventDispatchThread.run(EventDispatchThread.java:90) ~[?:?]
